2025-03-29 16:52:41.146 INFO  (main) [c: s: r: x: t:] o.e.j.s.Server jetty-10.0.22; built: 2024-06-27T16:03:51.502Z; git: 5c8471e852d377fd726ad9b1692c35ffc5febb09; jvm 17.0.3+7
2025-03-29 16:52:41.405 WARN  (main) [c: s: r: x: t:] o.e.j.u.DeprecationWarning Using @Deprecated Class org.eclipse.jetty.servlet.listener.ELContextCleaner
2025-03-29 16:52:41.419 INFO  (main) [c: s: r: x: t:] o.a.s.s.CoreContainerProvider Using logger factory org.apache.logging.slf4j.Log4jLoggerFactory
2025-03-29 16:52:41.423 INFO  (main) [c: s: r: x: t:] o.a.s.s.CoreContainerProvider  ___      _       Welcome to Apache Solr™ version 9.8.1
2025-03-29 16:52:41.423 INFO  (main) [c: s: r: x: t:] o.a.s.s.CoreContainerProvider / __| ___| |_ _   Starting in standalone mode on port 8983
2025-03-29 16:52:41.423 INFO  (main) [c: s: r: x: t:] o.a.s.s.CoreContainerProvider \__ \/ _ \ | '_|  Install dir: /Users/jabezng/Desktop/SC4021---Group-20/solr/solr-9.8.1
2025-03-29 16:52:41.423 INFO  (main) [c: s: r: x: t:] o.a.s.s.CoreContainerProvider |___/\___/_|_|    Start time: 2025-03-29T16:52:41.423764Z
2025-03-29 16:52:41.425 INFO  (main) [c: s: r: x: t:] o.a.s.s.CoreContainerProvider Solr started with "-XX:+CrashOnOutOfMemoryError" that will crash on any OutOfMemoryError exception. The cause of the OOME will be logged in the crash file at the following path: /Users/jabezng/Desktop/SC4021---Group-20/solr/solr-9.8.1/server/logs/jvm_crash_33143.log
2025-03-29 16:52:41.439 INFO  (main) [c: s: r: x: t:] o.a.s.s.CoreContainerProvider Solr Home: /Users/jabezng/Desktop/SC4021---Group-20/solr/solr-9.8.1/server/solr (source: system property: solr.solr.home)
2025-03-29 16:52:41.448 INFO  (main) [c: s: r: x: t:] o.a.s.c.SolrXmlConfig Loading solr.xml from /Users/jabezng/Desktop/SC4021---Group-20/solr/solr-9.8.1/server/solr/solr.xml
2025-03-29 16:52:41.468 INFO  (main) [c: s: r: x: t:] o.a.s.c.SolrResourceLoader Added 1 libs to classloader, from paths: [/Users/jabezng/Desktop/SC4021---Group-20/solr/solr-9.8.1/lib]
2025-03-29 16:52:41.910 INFO  (main) [c: s: r: x: t:] o.a.s.u.t.SimplePropagator Always-on trace id generation enabled.
2025-03-29 16:52:42.070 WARN  (main) [c: s: r: x: t:] o.a.s.u.StartupLoggingUtils Jetty request logging enabled. Will retain logs for last 3 days. See chapter "Configuring Logging" in reference guide for how to configure.
2025-03-29 16:52:42.071 WARN  (main) [c: s: r: x: t:] o.a.s.c.CoreContainer Not all security plugins configured!  authentication=disabled authorization=disabled.  Solr is only as secure as you make it. Consider configuring authentication/authorization before exposing Solr to users internal or external.  See https://s.apache.org/solrsecurity for more info
2025-03-29 16:52:42.166 INFO  (main) [c: s: r: x: t:] o.a.s.c.CorePropertiesLocator Found 1 core definitions underneath /Users/jabezng/Desktop/SC4021---Group-20/solr/solr-9.8.1/server/solr
2025-03-29 16:52:42.166 INFO  (main) [c: s: r: x: t:] o.a.s.c.CorePropertiesLocator Cores are: [crypto_opinions]
2025-03-29 16:52:42.180 INFO  (coreLoadExecutor-13-thread-1) [c: s: r: x:crypto_opinions t:] o.a.s.c.SolrConfig Using Lucene MatchVersion: 9.11.0
2025-03-29 16:52:42.209 INFO  (coreLoadExecutor-13-thread-1) [c: s: r: x:crypto_opinions t:] o.a.s.s.IndexSchema Schema name=default-config
2025-03-29 16:52:42.260 WARN  (main) [c: s: r: x: t:] o.g.j.m.i.MessagingBinders A class jakarta.activation.DataSource for a default provider MessageBodyWriter<jakarta.activation.DataSource> was not found. The provider is not available.
2025-03-29 16:52:42.326 INFO  (coreLoadExecutor-13-thread-1) [c: s: r: x:crypto_opinions t:] o.a.s.s.IndexSchema Loaded schema default-config/1.7 with uniqueid field id
2025-03-29 16:52:42.326 INFO  (coreLoadExecutor-13-thread-1) [c: s: r: x:crypto_opinions t:] o.a.s.c.CoreContainer Creating SolrCore 'crypto_opinions' using configuration from instancedir /Users/jabezng/Desktop/SC4021---Group-20/solr/solr-9.8.1/server/solr/crypto_opinions, trusted=true
2025-03-29 16:52:42.348 INFO  (coreLoadExecutor-13-thread-1) [c: s: r: x:crypto_opinions t:] o.a.s.c.SolrCore Opening new SolrCore at [/Users/jabezng/Desktop/SC4021---Group-20/solr/solr-9.8.1/server/solr/crypto_opinions], dataDir=[/Users/jabezng/Desktop/SC4021---Group-20/solr/solr-9.8.1/server/solr/crypto_opinions/data/]
2025-03-29 16:52:42.409 INFO  (main) [c: s: r: x: t:] o.a.s.j.SolrRequestAuthorizer Creating a new SolrRequestAuthorizer
2025-03-29 16:52:42.477 INFO  (main) [c: s: r: x: t:] o.e.j.s.h.ContextHandler Started o.e.j.w.WebAppContext@6d64b553{solr-jetty-context.xml,/solr,file:///Users/jabezng/Desktop/SC4021---Group-20/solr/solr-9.8.1/server/solr-webapp/webapp/,AVAILABLE}{/Users/jabezng/Desktop/SC4021---Group-20/solr/solr-9.8.1/server/solr-webapp/webapp}
2025-03-29 16:52:42.481 INFO  (main) [c: s: r: x: t:] o.e.j.s.RequestLogWriter Opened /Users/jabezng/Desktop/SC4021---Group-20/solr/solr-9.8.1/server/logs/2025_03_29.request.log
2025-03-29 16:52:42.484 INFO  (main) [c: s: r: x: t:] o.e.j.s.AbstractConnector Started ServerConnector@7728643a{HTTP/1.1, (http/1.1, h2c)}{127.0.0.1:8983}
2025-03-29 16:52:42.485 INFO  (main) [c: s: r: x: t:] o.e.j.s.Server Started Server@39fc6b2c{STARTING}[10.0.22,sto=0] @2665ms
2025-03-29 16:52:42.626 INFO  (coreLoadExecutor-13-thread-1) [c: s: r: x:crypto_opinions t:] o.a.s.j.SolrRequestAuthorizer Creating a new SolrRequestAuthorizer
2025-03-29 16:52:42.637 INFO  (coreLoadExecutor-13-thread-1) [c: s: r: x:crypto_opinions t:] o.a.s.u.UpdateHandler Using UpdateLog implementation: org.apache.solr.update.UpdateLog
2025-03-29 16:52:42.640 INFO  (coreLoadExecutor-13-thread-1) [c: s: r: x:crypto_opinions t:] o.a.s.u.UpdateLog Initializing UpdateLog: dataDir= defaultSyncLevel=FLUSH numRecordsToKeep=100 maxNumLogsToKeep=10
2025-03-29 16:52:42.640 INFO  (coreLoadExecutor-13-thread-1) [c: s: r: x:crypto_opinions t:] o.a.s.u.CommitTracker Hard AutoCommit: if uncommitted for 15000ms; 
2025-03-29 16:52:42.641 INFO  (coreLoadExecutor-13-thread-1) [c: s: r: x:crypto_opinions t:] o.a.s.u.CommitTracker Soft AutoCommit: if uncommitted for 3000ms; 
2025-03-29 16:52:42.728 INFO  (coreLoadExecutor-13-thread-1) [c: s: r: x:crypto_opinions t:] o.a.s.r.ManagedResourceStorage File-based storage initialized to use dir: /Users/jabezng/Desktop/SC4021---Group-20/solr/solr-9.8.1/server/solr/crypto_opinions/conf
2025-03-29 16:52:42.738 INFO  (coreLoadExecutor-13-thread-1) [c: s: r: x:crypto_opinions t:] o.a.s.s.DirectSolrSpellChecker init: {accuracy=0.5, maxQueryFrequency=0.01, name=default, field=_text_, classname=solr.DirectSolrSpellChecker, distanceMeasure=internal, maxEdits=2, minPrefix=1, maxInspections=5, minQueryLength=4}
2025-03-29 16:52:42.743 INFO  (coreLoadExecutor-13-thread-1) [c: s: r: x:crypto_opinions t:] o.a.s.h.ReplicationHandler Commits will be reserved for 10000 ms
2025-03-29 16:52:42.744 INFO  (searcherExecutor-15-thread-1-processing-crypto_opinions) [c: s: r: x:crypto_opinions t:] o.a.s.c.QuerySenderListener QuerySenderListener done.
2025-03-29 16:52:42.744 INFO  (searcherExecutor-15-thread-1-processing-crypto_opinions) [c: s: r: x:crypto_opinions t:] o.a.s.h.c.SpellCheckComponent Loading spell index for spellchecker: default
2025-03-29 16:52:42.747 INFO  (searcherExecutor-15-thread-1-processing-crypto_opinions) [c: s: r: x:crypto_opinions t:] o.a.s.c.SolrCore Registered new searcher autowarm time: 0 ms
2025-03-29 16:52:44.336 INFO  (qtp1057307776-20-localhost-3) [c: s: r: x: t:localhost-3] o.a.s.s.HttpSolrCall [admin] webapp=null path=/admin/cores params={indexInfo=false&wt=json&_=1743267164286} status=0 QTime=5
2025-03-29 16:52:44.350 INFO  (qtp1057307776-21-localhost-2) [c: s: r: x: t:localhost-2] o.a.s.s.HttpSolrCall [admin] webapp=null path=/admin/info/system params={wt=json&_=1743267164287} status=0 QTime=24
2025-03-29 16:52:44.373 INFO  (qtp1057307776-27-localhost-4) [c: s: r: x: t:localhost-4] o.a.s.s.HttpSolrCall [admin] webapp=null path=/admin/info/system params={wt=json&_=1743267164287} status=0 QTime=1
2025-03-29 16:52:46.452 INFO  (qtp1057307776-23-localhost-5) [c: s: r: x: t:localhost-5] o.a.s.s.HttpSolrCall [admin] webapp=null path=/admin/cores params={indexInfo=false&wt=json&_=1743267164286} status=0 QTime=0
2025-03-29 16:52:46.454 INFO  (qtp1057307776-25-localhost-6) [c: s: r: x: t:localhost-6] o.a.s.s.HttpSolrCall [admin] webapp=null path=/admin/info/system params={wt=json&_=1743267164287} status=0 QTime=2
2025-03-29 16:52:46.475 INFO  (qtp1057307776-24-localhost-9) [c: s: r: x:crypto_opinions t:localhost-9] o.a.s.c.S.Request webapp=/solr path=/admin/system params={wt=json&_=1743267166439} status=0 QTime=5
2025-03-29 16:52:46.478 INFO  (qtp1057307776-27-localhost-10) [c: s: r: x:crypto_opinions t:localhost-10] o.a.s.c.S.Request webapp=/solr path=/admin/ping params={action=status&wt=json&_=1743267164287&ts=1743267164287} status=503 QTime=8
2025-03-29 16:52:46.479 INFO  (qtp1057307776-19-localhost-8) [c: s: r: x:crypto_opinions t:localhost-8] o.a.s.c.S.Request webapp=/solr path=/admin/luke params={numTerms=0&show=index&wt=json&_=1743267166439} status=0 QTime=16
2025-03-29 16:52:46.480 INFO  (qtp1057307776-18-localhost-7) [c: s: r: x:crypto_opinions t:localhost-7] o.a.s.c.S.Request webapp=/solr path=/replication params={wt=json&command=details&_=1743267166439} status=0 QTime=17
2025-03-29 16:53:51.797 INFO  (searcherExecutor-15-thread-2-processing-crypto_opinions localhost-11) [c: s: r: x:crypto_opinions t:localhost-11] o.a.s.c.QuerySenderListener QuerySenderListener done.
2025-03-29 16:53:51.802 INFO  (searcherExecutor-15-thread-2-processing-crypto_opinions localhost-11) [c: s: r: x:crypto_opinions t:localhost-11] o.a.s.c.SolrCore Registered new searcher autowarm time: 3 ms
2025-03-29 16:53:51.803 INFO  (qtp1057307776-23-localhost-11) [c: s: r: x:crypto_opinions t:localhost-11] o.a.s.u.p.LogUpdateProcessorFactory webapp=/solr path=/update params={commit=true}{add=[371 (1827948180457652224), 973 (1827948180504838144), 2835 (1827948180505886720), 136 (1827948180506935296), 151 (1827948180507983872), 1023 (1827948180509032448), 1926 (1827948180509032449), 948 (1827948180510081024), 1191 (1827948180511129600), 1173 (1827948180512178176), ... (500 adds)], commit=} 0 410
2025-03-29 16:53:51.978 INFO  (searcherExecutor-15-thread-2-processing-crypto_opinions localhost-12) [c: s: r: x:crypto_opinions t:localhost-12] o.a.s.c.QuerySenderListener QuerySenderListener done.
2025-03-29 16:53:51.983 INFO  (searcherExecutor-15-thread-2-processing-crypto_opinions localhost-12) [c: s: r: x:crypto_opinions t:localhost-12] o.a.s.c.SolrCore Registered new searcher autowarm time: 0 ms
2025-03-29 16:53:51.983 INFO  (qtp1057307776-26-localhost-12) [c: s: r: x:crypto_opinions t:localhost-12] o.a.s.u.p.LogUpdateProcessorFactory webapp=/solr path=/update params={commit=true}{add=[2866 (1827948180866596864), 1580 (1827948180868694016), 701 (1827948180868694017), 998 (1827948180868694018), 2373 (1827948180869742592), 1995 (1827948180869742593), 864 (1827948180869742594), 1591 (1827948180869742595), 333 (1827948180870791168), 2762 (1827948180870791169), ... (500 adds)], commit=} 0 169
2025-03-29 16:53:52.190 INFO  (searcherExecutor-15-thread-2-processing-crypto_opinions localhost-13) [c: s: r: x:crypto_opinions t:localhost-13] o.a.s.c.QuerySenderListener QuerySenderListener done.
2025-03-29 16:53:52.192 INFO  (searcherExecutor-15-thread-2-processing-crypto_opinions localhost-13) [c: s: r: x:crypto_opinions t:localhost-13] o.a.s.c.SolrCore Registered new searcher autowarm time: 0 ms
2025-03-29 16:53:52.192 INFO  (qtp1057307776-23-localhost-13) [c: s: r: x:crypto_opinions t:localhost-13] o.a.s.u.p.LogUpdateProcessorFactory webapp=/solr path=/update params={commit=true}{add=[797 (1827948181065826304), 962 (1827948181067923456), 114 (1827948181068972032), 1319 (1827948181070020608), 2564 (1827948181070020609), 400 (1827948181070020610), 2052 (1827948181070020611), 40 (1827948181070020612), 521 (1827948181070020613), 50 (1827948181071069184), ... (500 adds)], commit=} 0 187
2025-03-29 16:53:52.335 INFO  (searcherExecutor-15-thread-2-processing-crypto_opinions localhost-14) [c: s: r: x:crypto_opinions t:localhost-14] o.a.s.c.QuerySenderListener QuerySenderListener done.
2025-03-29 16:53:52.337 INFO  (searcherExecutor-15-thread-2-processing-crypto_opinions localhost-14) [c: s: r: x:crypto_opinions t:localhost-14] o.a.s.c.SolrCore Registered new searcher autowarm time: 0 ms
2025-03-29 16:53:52.337 INFO  (qtp1057307776-26-localhost-14) [c: s: r: x:crypto_opinions t:localhost-14] o.a.s.u.p.LogUpdateProcessorFactory webapp=/solr path=/update params={commit=true}{add=[844 (1827948181271347200), 2495 (1827948181273444352), 276 (1827948181273444353), 1917 (1827948181273444354), 1629 (1827948181273444355), 807 (1827948181273444356), 3361 (1827948181273444357), 443 (1827948181273444358), 302 (1827948181274492928), 2588 (1827948181274492929), ... (500 adds)], commit=} 0 137
2025-03-29 16:53:52.458 INFO  (searcherExecutor-15-thread-2-processing-crypto_opinions localhost-15) [c: s: r: x:crypto_opinions t:localhost-15] o.a.s.c.QuerySenderListener QuerySenderListener done.
2025-03-29 16:53:52.460 INFO  (searcherExecutor-15-thread-2-processing-crypto_opinions localhost-15) [c: s: r: x:crypto_opinions t:localhost-15] o.a.s.c.SolrCore Registered new searcher autowarm time: 0 ms
2025-03-29 16:53:52.460 INFO  (qtp1057307776-23-localhost-15) [c: s: r: x:crypto_opinions t:localhost-15] o.a.s.u.p.LogUpdateProcessorFactory webapp=/solr path=/update params={commit=true}{add=[904 (1827948181422342144), 917 (1827948181424439296), 918 (1827948181424439297), 936 (1827948181424439298), 949 (1827948181424439299), 953 (1827948181424439300), 961 (1827948181425487872), 970 (1827948181425487873), 971 (1827948181425487874), 978 (1827948181425487875), ... (500 adds)], commit=} 0 116
2025-03-29 16:53:52.589 INFO  (searcherExecutor-15-thread-2-processing-crypto_opinions localhost-16) [c: s: r: x:crypto_opinions t:localhost-16] o.a.s.c.QuerySenderListener QuerySenderListener done.
2025-03-29 16:53:52.592 INFO  (searcherExecutor-15-thread-2-processing-crypto_opinions localhost-16) [c: s: r: x:crypto_opinions t:localhost-16] o.a.s.c.SolrCore Registered new searcher autowarm time: 0 ms
2025-03-29 16:53:52.592 INFO  (qtp1057307776-26-localhost-16) [c: s: r: x:crypto_opinions t:localhost-16] o.a.s.u.p.LogUpdateProcessorFactory webapp=/solr path=/update params={commit=true}{add=[4080 (1827948181554462720), 3753 (1827948181555511296), 6783 (1827948181555511297), 4840 (1827948181555511298), 7516 (1827948181555511299), 5595 (1827948181555511300), 4881 (1827948181556559872), 6340 (1827948181556559873), 3592 (1827948181556559874), 4963 (1827948181556559875), ... (500 adds)], commit=} 0 122
2025-03-29 16:53:52.720 INFO  (searcherExecutor-15-thread-2-processing-crypto_opinions localhost-17) [c: s: r: x:crypto_opinions t:localhost-17] o.a.s.c.QuerySenderListener QuerySenderListener done.
2025-03-29 16:53:52.722 INFO  (searcherExecutor-15-thread-2-processing-crypto_opinions localhost-17) [c: s: r: x:crypto_opinions t:localhost-17] o.a.s.c.SolrCore Registered new searcher autowarm time: 0 ms
2025-03-29 16:53:52.722 INFO  (qtp1057307776-23-localhost-17) [c: s: r: x:crypto_opinions t:localhost-17] o.a.s.u.p.LogUpdateProcessorFactory webapp=/solr path=/update params={commit=true}{add=[4049 (1827948181690777600), 3965 (1827948181691826176), 5252 (1827948181691826177), 7766 (1827948181692874752), 3759 (1827948181692874753), 5670 (1827948181692874754), 7610 (1827948181692874755), 6065 (1827948181692874756), 6615 (1827948181692874757), 6652 (1827948181692874758), ... (500 adds)], commit=} 0 122
2025-03-29 16:53:52.837 INFO  (searcherExecutor-15-thread-2-processing-crypto_opinions localhost-18) [c: s: r: x:crypto_opinions t:localhost-18] o.a.s.c.QuerySenderListener QuerySenderListener done.
2025-03-29 16:53:52.839 INFO  (searcherExecutor-15-thread-2-processing-crypto_opinions localhost-18) [c: s: r: x:crypto_opinions t:localhost-18] o.a.s.c.SolrCore Registered new searcher autowarm time: 0 ms
2025-03-29 16:53:52.839 INFO  (qtp1057307776-26-localhost-18) [c: s: r: x:crypto_opinions t:localhost-18] o.a.s.u.p.LogUpdateProcessorFactory webapp=/solr path=/update params={commit=true}{add=[6374 (1827948181827092480), 5952 (1827948181829189632), 6774 (1827948181829189633), 4285 (1827948181829189634), 6700 (1827948181829189635), 6559 (1827948181829189636), 5293 (1827948181829189637), 4808 (1827948181829189638), 3729 (1827948181829189639), 4474 (1827948181829189640), ... (500 adds)], commit=} 0 109
2025-03-29 16:53:52.953 INFO  (searcherExecutor-15-thread-2-processing-crypto_opinions localhost-19) [c: s: r: x:crypto_opinions t:localhost-19] o.a.s.c.QuerySenderListener QuerySenderListener done.
2025-03-29 16:53:52.955 INFO  (searcherExecutor-15-thread-2-processing-crypto_opinions localhost-19) [c: s: r: x:crypto_opinions t:localhost-19] o.a.s.c.SolrCore Registered new searcher autowarm time: 0 ms
2025-03-29 16:53:52.955 INFO  (qtp1057307776-23-localhost-19) [c: s: r: x:crypto_opinions t:localhost-19] o.a.s.u.p.LogUpdateProcessorFactory webapp=/solr path=/update params={commit=true}{add=[7116 (1827948181949775872), 7693 (1827948181951873024), 6487 (1827948181951873025), 6510 (1827948181951873026), 5904 (1827948181951873027), 6853 (1827948181952921600), 3680 (1827948181952921601), 4146 (1827948181952921602), 5898 (1827948181952921603), 3799 (1827948181952921604), ... (500 adds)], commit=} 0 108
2025-03-29 16:53:53.056 INFO  (searcherExecutor-15-thread-2-processing-crypto_opinions localhost-20) [c: s: r: x:crypto_opinions t:localhost-20] o.a.s.c.QuerySenderListener QuerySenderListener done.
2025-03-29 16:53:53.058 INFO  (searcherExecutor-15-thread-2-processing-crypto_opinions localhost-20) [c: s: r: x:crypto_opinions t:localhost-20] o.a.s.c.SolrCore Registered new searcher autowarm time: 0 ms
2025-03-29 16:53:53.058 INFO  (qtp1057307776-26-localhost-20) [c: s: r: x:crypto_opinions t:localhost-20] o.a.s.u.p.LogUpdateProcessorFactory webapp=/solr path=/update params={commit=true}{add=[4038 (1827948182071410688), 5927 (1827948182072459264), 7354 (1827948182072459265), 5900 (1827948182072459266), 3723 (1827948182073507840), 3642 (1827948182073507841), 3896 (1827948182073507842), 4631 (1827948182073507843), 5281 (1827948182073507844), 7239 (1827948182073507845), ... (500 adds)], commit=} 0 95
2025-03-29 16:53:53.382 INFO  (searcherExecutor-15-thread-2-processing-crypto_opinions localhost-21) [c: s: r: x:crypto_opinions t:localhost-21] o.a.s.c.QuerySenderListener QuerySenderListener done.
2025-03-29 16:53:53.384 INFO  (searcherExecutor-15-thread-2-processing-crypto_opinions localhost-21) [c: s: r: x:crypto_opinions t:localhost-21] o.a.s.c.SolrCore Registered new searcher autowarm time: 0 ms
2025-03-29 16:53:53.384 INFO  (qtp1057307776-23-localhost-21) [c: s: r: x:crypto_opinions t:localhost-21] o.a.s.u.p.LogUpdateProcessorFactory webapp=/solr path=/update params={commit=true}{add=[7336 (1827948182180462592), 7350 (1827948182181511168), 7357 (1827948182181511169), 7361 (1827948182181511170), 7375 (1827948182181511171), 7380 (1827948182181511172), 7381 (1827948182181511173), 7382 (1827948182181511174), 7385 (1827948182181511175), 7393 (1827948182181511176), ... (500 adds)], commit=} 0 317
2025-03-29 16:53:53.498 INFO  (searcherExecutor-15-thread-2-processing-crypto_opinions localhost-22) [c: s: r: x:crypto_opinions t:localhost-22] o.a.s.c.QuerySenderListener QuerySenderListener done.
2025-03-29 16:53:53.500 INFO  (searcherExecutor-15-thread-2-processing-crypto_opinions localhost-22) [c: s: r: x:crypto_opinions t:localhost-22] o.a.s.c.SolrCore Registered new searcher autowarm time: 0 ms
2025-03-29 16:53:53.500 INFO  (qtp1057307776-26-localhost-22) [c: s: r: x:crypto_opinions t:localhost-22] o.a.s.u.p.LogUpdateProcessorFactory webapp=/solr path=/update params={commit=true}{add=[26616 (1827948182540124160), 12811 (1827948182541172736), 13426 (1827948182541172737), 18023 (1827948182541172738), 8743 (1827948182541172739), 26075 (1827948182541172740), 16341 (1827948182541172741), 23706 (1827948182542221312), 14359 (1827948182542221313), 10326 (1827948182542221314), ... (500 adds)], commit=} 0 90
2025-03-29 16:53:53.590 INFO  (searcherExecutor-15-thread-2-processing-crypto_opinions localhost-23) [c: s: r: x:crypto_opinions t:localhost-23] o.a.s.c.QuerySenderListener QuerySenderListener done.
2025-03-29 16:53:53.592 INFO  (searcherExecutor-15-thread-2-processing-crypto_opinions localhost-23) [c: s: r: x:crypto_opinions t:localhost-23] o.a.s.c.SolrCore Registered new searcher autowarm time: 0 ms
2025-03-29 16:53:53.592 INFO  (qtp1057307776-23-localhost-23) [c: s: r: x:crypto_opinions t:localhost-23] o.a.s.u.p.LogUpdateProcessorFactory webapp=/solr path=/update params={commit=true}{add=[21721 (1827948182642884608), 18245 (1827948182643933184), 16381 (1827948182643933185), 18709 (1827948182643933186), 20447 (1827948182643933187), 19340 (1827948182643933188), 20623 (1827948182643933189), 21274 (1827948182643933190), 25960 (1827948182644981760), 10915 (1827948182644981761), ... (500 adds)], commit=} 0 84
2025-03-29 16:53:53.701 INFO  (searcherExecutor-15-thread-2-processing-crypto_opinions localhost-24) [c: s: r: x:crypto_opinions t:localhost-24] o.a.s.c.QuerySenderListener QuerySenderListener done.
2025-03-29 16:53:53.703 INFO  (searcherExecutor-15-thread-2-processing-crypto_opinions localhost-24) [c: s: r: x:crypto_opinions t:localhost-24] o.a.s.c.SolrCore Registered new searcher autowarm time: 0 ms
2025-03-29 16:53:53.703 INFO  (qtp1057307776-26-localhost-24) [c: s: r: x:crypto_opinions t:localhost-24] o.a.s.u.p.LogUpdateProcessorFactory webapp=/solr path=/update params={commit=true}{add=[24917 (1827948182739353600), 14954 (1827948182741450752), 20278 (1827948182741450753), 21134 (1827948182741450754), 24567 (1827948182741450755), 23128 (1827948182741450756), 23279 (1827948182741450757), 23601 (1827948182741450758), 23769 (1827948182741450759), 23848 (1827948182741450760), ... (500 adds)], commit=} 0 102
2025-03-29 16:53:53.792 INFO  (searcherExecutor-15-thread-2-processing-crypto_opinions localhost-25) [c: s: r: x:crypto_opinions t:localhost-25] o.a.s.c.QuerySenderListener QuerySenderListener done.
2025-03-29 16:53:53.793 INFO  (searcherExecutor-15-thread-2-processing-crypto_opinions localhost-25) [c: s: r: x:crypto_opinions t:localhost-25] o.a.s.c.SolrCore Registered new searcher autowarm time: 0 ms
2025-03-29 16:53:53.793 INFO  (qtp1057307776-23-localhost-25) [c: s: r: x:crypto_opinions t:localhost-25] o.a.s.u.p.LogUpdateProcessorFactory webapp=/solr path=/update params={commit=true}{add=[19509 (1827948182855745536), 10437 (1827948182857842688), 16376 (1827948182857842689), 11586 (1827948182857842690), 8302 (1827948182857842691), 14673 (1827948182857842692), 16712 (1827948182857842693), 10748 (1827948182857842694), 18716 (1827948182857842695), 8018 (1827948182857842696), ... (500 adds)], commit=} 0 82
2025-03-29 16:53:53.891 INFO  (searcherExecutor-15-thread-2-processing-crypto_opinions localhost-26) [c: s: r: x:crypto_opinions t:localhost-26] o.a.s.c.QuerySenderListener QuerySenderListener done.
2025-03-29 16:53:53.892 INFO  (searcherExecutor-15-thread-2-processing-crypto_opinions localhost-26) [c: s: r: x:crypto_opinions t:localhost-26] o.a.s.c.SolrCore Registered new searcher autowarm time: 0 ms
2025-03-29 16:53:53.892 INFO  (qtp1057307776-26-localhost-26) [c: s: r: x:crypto_opinions t:localhost-26] o.a.s.u.p.LogUpdateProcessorFactory webapp=/solr path=/update params={commit=true}{add=[24161 (1827948182950117376), 17306 (1827948182951165952), 27008 (1827948182952214528), 24146 (1827948182952214529), 11829 (1827948182952214530), 17896 (1827948182952214531), 19096 (1827948182952214532), 16735 (1827948182952214533), 12691 (1827948182952214534), 12250 (1827948182952214535), ... (500 adds)], commit=} 0 91
2025-03-29 16:53:53.976 INFO  (searcherExecutor-15-thread-2-processing-crypto_opinions localhost-27) [c: s: r: x:crypto_opinions t:localhost-27] o.a.s.c.QuerySenderListener QuerySenderListener done.
2025-03-29 16:53:53.977 INFO  (searcherExecutor-15-thread-2-processing-crypto_opinions localhost-27) [c: s: r: x:crypto_opinions t:localhost-27] o.a.s.c.SolrCore Registered new searcher autowarm time: 0 ms
2025-03-29 16:53:53.977 INFO  (qtp1057307776-23-localhost-27) [c: s: r: x:crypto_opinions t:localhost-27] o.a.s.u.p.LogUpdateProcessorFactory webapp=/solr path=/update params={commit=true}{add=[14633 (1827948183053926400), 12382 (1827948183054974976), 10213 (1827948183054974977), 19590 (1827948183056023552), 15496 (1827948183056023553), 27142 (1827948183056023554), 13751 (1827948183056023555), 8192 (1827948183056023556), 8310 (1827948183056023557), 25204 (1827948183056023558), ... (500 adds)], commit=} 0 77
2025-03-29 16:53:54.107 INFO  (searcherExecutor-15-thread-2-processing-crypto_opinions localhost-28) [c: s: r: x:crypto_opinions t:localhost-28] o.a.s.c.QuerySenderListener QuerySenderListener done.
2025-03-29 16:53:54.109 INFO  (searcherExecutor-15-thread-2-processing-crypto_opinions localhost-28) [c: s: r: x:crypto_opinions t:localhost-28] o.a.s.c.SolrCore Registered new searcher autowarm time: 0 ms
2025-03-29 16:53:54.109 INFO  (qtp1057307776-26-localhost-28) [c: s: r: x:crypto_opinions t:localhost-28] o.a.s.u.p.LogUpdateProcessorFactory webapp=/solr path=/update params={commit=true}{add=[11229 (1827948183143055360), 13504 (1827948183144103936), 26549 (1827948183144103937), 11924 (1827948183144103938), 24016 (1827948183144103939), 22077 (1827948183144103940), 26312 (1827948183144103941), 13715 (1827948183145152512), 24326 (1827948183145152513), 11072 (1827948183145152514), ... (500 adds)], commit=} 0 124
2025-03-29 16:53:54.214 INFO  (searcherExecutor-15-thread-2-processing-crypto_opinions localhost-29) [c: s: r: x:crypto_opinions t:localhost-29] o.a.s.c.QuerySenderListener QuerySenderListener done.
2025-03-29 16:53:54.215 INFO  (searcherExecutor-15-thread-2-processing-crypto_opinions localhost-29) [c: s: r: x:crypto_opinions t:localhost-29] o.a.s.c.SolrCore Registered new searcher autowarm time: 0 ms
2025-03-29 16:53:54.216 INFO  (qtp1057307776-23-localhost-29) [c: s: r: x:crypto_opinions t:localhost-29] o.a.s.u.p.LogUpdateProcessorFactory webapp=/solr path=/update params={commit=true}{add=[22541 (1827948183281467392), 26324 (1827948183282515968), 26166 (1827948183282515969), 22231 (1827948183282515970), 22453 (1827948183283564544), 21847 (1827948183283564545), 8508 (1827948183283564546), 19962 (1827948183283564547), 14272 (1827948183283564548), 13637 (1827948183283564549), ... (500 adds)], commit=} 0 98
2025-03-29 16:53:54.450 INFO  (searcherExecutor-15-thread-2-processing-crypto_opinions localhost-30) [c: s: r: x:crypto_opinions t:localhost-30] o.a.s.c.QuerySenderListener QuerySenderListener done.
2025-03-29 16:53:54.452 INFO  (searcherExecutor-15-thread-2-processing-crypto_opinions localhost-30) [c: s: r: x:crypto_opinions t:localhost-30] o.a.s.c.SolrCore Registered new searcher autowarm time: 0 ms
2025-03-29 16:53:54.452 INFO  (qtp1057307776-26-localhost-30) [c: s: r: x:crypto_opinions t:localhost-30] o.a.s.u.p.LogUpdateProcessorFactory webapp=/solr path=/update params={commit=true}{add=[21563 (1827948183392616448), 10782 (1827948183394713600), 27345 (1827948183394713601), 16499 (1827948183394713602), 9534 (1827948183394713603), 22452 (1827948183394713604), 17242 (1827948183394713605), 15680 (1827948183394713606), 12903 (1827948183394713607), 24074 (1827948183395762176), ... (500 adds)], commit=} 0 228
2025-03-29 16:53:54.556 INFO  (searcherExecutor-15-thread-2-processing-crypto_opinions localhost-31) [c: s: r: x:crypto_opinions t:localhost-31] o.a.s.c.QuerySenderListener QuerySenderListener done.
2025-03-29 16:53:54.558 INFO  (searcherExecutor-15-thread-2-processing-crypto_opinions localhost-31) [c: s: r: x:crypto_opinions t:localhost-31] o.a.s.c.SolrCore Registered new searcher autowarm time: 0 ms
2025-03-29 16:53:54.558 INFO  (qtp1057307776-23-localhost-31) [c: s: r: x:crypto_opinions t:localhost-31] o.a.s.u.p.LogUpdateProcessorFactory webapp=/solr path=/update params={commit=true}{add=[25131 (1827948183656857600), 15279 (1827948183658954752), 16492 (1827948183658954753), 14461 (1827948183658954754), 18694 (1827948183658954755), 9970 (1827948183658954756), 10840 (1827948183658954757), 24768 (1827948183658954758), 15056 (1827948183658954759), 10984 (1827948183658954760), ... (500 adds)], commit=} 0 83
2025-03-29 16:53:54.651 INFO  (searcherExecutor-15-thread-2-processing-crypto_opinions localhost-32) [c: s: r: x:crypto_opinions t:localhost-32] o.a.s.c.QuerySenderListener QuerySenderListener done.
2025-03-29 16:53:54.652 INFO  (searcherExecutor-15-thread-2-processing-crypto_opinions localhost-32) [c: s: r: x:crypto_opinions t:localhost-32] o.a.s.c.SolrCore Registered new searcher autowarm time: 0 ms
2025-03-29 16:53:54.652 INFO  (qtp1057307776-26-localhost-32) [c: s: r: x:crypto_opinions t:localhost-32] o.a.s.u.p.LogUpdateProcessorFactory webapp=/solr path=/update params={commit=true}{add=[24522 (1827948183752278016), 23855 (1827948183753326592), 10750 (1827948183753326593), 10368 (1827948183753326594), 25497 (1827948183753326595), 12742 (1827948183753326596), 11643 (1827948183753326597), 9241 (1827948183753326598), 21386 (1827948183753326599), 14258 (1827948183754375168), ... (500 adds)], commit=} 0 86
2025-03-29 16:53:54.746 INFO  (searcherExecutor-15-thread-2-processing-crypto_opinions localhost-33) [c: s: r: x:crypto_opinions t:localhost-33] o.a.s.c.QuerySenderListener QuerySenderListener done.
2025-03-29 16:53:54.747 INFO  (searcherExecutor-15-thread-2-processing-crypto_opinions localhost-33) [c: s: r: x:crypto_opinions t:localhost-33] o.a.s.c.SolrCore Registered new searcher autowarm time: 0 ms
2025-03-29 16:53:54.748 INFO  (qtp1057307776-23-localhost-33) [c: s: r: x:crypto_opinions t:localhost-33] o.a.s.u.p.LogUpdateProcessorFactory webapp=/solr path=/update params={commit=true}{add=[27098 (1827948183851892736), 27147 (1827948183852941312), 19364 (1827948183852941313), 26136 (1827948183852941314), 24270 (1827948183852941315), 23417 (1827948183852941316), 16430 (1827948183853989888), 17611 (1827948183853989889), 12965 (1827948183853989890), 16523 (1827948183853989891), ... (500 adds)], commit=} 0 87
2025-03-29 16:53:54.834 INFO  (searcherExecutor-15-thread-2-processing-crypto_opinions localhost-34) [c: s: r: x:crypto_opinions t:localhost-34] o.a.s.c.QuerySenderListener QuerySenderListener done.
2025-03-29 16:53:54.835 INFO  (searcherExecutor-15-thread-2-processing-crypto_opinions localhost-34) [c: s: r: x:crypto_opinions t:localhost-34] o.a.s.c.SolrCore Registered new searcher autowarm time: 0 ms
2025-03-29 16:53:54.835 INFO  (qtp1057307776-26-localhost-34) [c: s: r: x:crypto_opinions t:localhost-34] o.a.s.u.p.LogUpdateProcessorFactory webapp=/solr path=/update params={commit=true}{add=[27263 (1827948183950458880), 15619 (1827948183951507456), 10197 (1827948183951507457), 13881 (1827948183952556032), 8028 (1827948183952556033), 20313 (1827948183952556034), 25426 (1827948183952556035), 9247 (1827948183952556036), 13875 (1827948183952556037), 22739 (1827948183952556038), ... (500 adds)], commit=} 0 79
2025-03-29 16:53:54.924 INFO  (searcherExecutor-15-thread-2-processing-crypto_opinions localhost-35) [c: s: r: x:crypto_opinions t:localhost-35] o.a.s.c.QuerySenderListener QuerySenderListener done.
2025-03-29 16:53:54.925 INFO  (searcherExecutor-15-thread-2-processing-crypto_opinions localhost-35) [c: s: r: x:crypto_opinions t:localhost-35] o.a.s.c.SolrCore Registered new searcher autowarm time: 0 ms
2025-03-29 16:53:54.925 INFO  (qtp1057307776-23-localhost-35) [c: s: r: x:crypto_opinions t:localhost-35] o.a.s.u.p.LogUpdateProcessorFactory webapp=/solr path=/update params={commit=true}{add=[14565 (1827948184042733568), 10218 (1827948184043782144), 14775 (1827948184043782145), 21100 (1827948184044830720), 15981 (1827948184044830721), 12555 (1827948184044830722), 26474 (1827948184044830723), 21358 (1827948184044830724), 23191 (1827948184044830725), 16522 (1827948184044830726), ... (500 adds)], commit=} 0 81
2025-03-29 16:53:55.012 INFO  (searcherExecutor-15-thread-2-processing-crypto_opinions localhost-36) [c: s: r: x:crypto_opinions t:localhost-36] o.a.s.c.QuerySenderListener QuerySenderListener done.
2025-03-29 16:53:55.013 INFO  (searcherExecutor-15-thread-2-processing-crypto_opinions localhost-36) [c: s: r: x:crypto_opinions t:localhost-36] o.a.s.c.SolrCore Registered new searcher autowarm time: 0 ms
2025-03-29 16:53:55.013 INFO  (qtp1057307776-26-localhost-36) [c: s: r: x:crypto_opinions t:localhost-36] o.a.s.u.p.LogUpdateProcessorFactory webapp=/solr path=/update params={commit=true}{add=[19157 (1827948184137105408), 19304 (1827948184138153984), 8230 (1827948184138153985), 21002 (1827948184138153986), 7860 (1827948184139202560), 18192 (1827948184139202561), 14274 (1827948184139202562), 21506 (1827948184139202563), 26678 (1827948184139202564), 16644 (1827948184139202565), ... (500 adds)], commit=} 0 80
2025-03-29 16:53:55.111 INFO  (searcherExecutor-15-thread-2-processing-crypto_opinions localhost-37) [c: s: r: x:crypto_opinions t:localhost-37] o.a.s.c.QuerySenderListener QuerySenderListener done.
2025-03-29 16:53:55.112 INFO  (searcherExecutor-15-thread-2-processing-crypto_opinions localhost-37) [c: s: r: x:crypto_opinions t:localhost-37] o.a.s.c.SolrCore Registered new searcher autowarm time: 0 ms
2025-03-29 16:53:55.112 INFO  (qtp1057307776-23-localhost-37) [c: s: r: x:crypto_opinions t:localhost-37] o.a.s.u.p.LogUpdateProcessorFactory webapp=/solr path=/update params={commit=true}{add=[25236 (1827948184229380096), 16645 (1827948184230428672), 12149 (1827948184230428673), 12545 (1827948184230428674), 18074 (1827948184230428675), 19697 (1827948184230428676), 17887 (1827948184231477248), 26101 (1827948184231477249), 23085 (1827948184231477250), 27168 (1827948184231477251), ... (500 adds)], commit=} 0 91
2025-03-29 16:53:55.216 INFO  (searcherExecutor-15-thread-2-processing-crypto_opinions localhost-38) [c: s: r: x:crypto_opinions t:localhost-38] o.a.s.c.QuerySenderListener QuerySenderListener done.
2025-03-29 16:53:55.217 INFO  (searcherExecutor-15-thread-2-processing-crypto_opinions localhost-38) [c: s: r: x:crypto_opinions t:localhost-38] o.a.s.c.SolrCore Registered new searcher autowarm time: 0 ms
2025-03-29 16:53:55.217 INFO  (qtp1057307776-26-localhost-38) [c: s: r: x:crypto_opinions t:localhost-38] o.a.s.u.p.LogUpdateProcessorFactory webapp=/solr path=/update params={commit=true}{add=[18734 (1827948184333189120), 14825 (1827948184334237696), 10961 (1827948184334237697), 9068 (1827948184334237698), 15480 (1827948184335286272), 20681 (1827948184335286273), 11027 (1827948184335286274), 14163 (1827948184335286275), 11981 (1827948184335286276), 11074 (1827948184335286277), ... (500 adds)], commit=} 0 96
2025-03-29 16:53:55.327 INFO  (searcherExecutor-15-thread-2-processing-crypto_opinions localhost-39) [c: s: r: x:crypto_opinions t:localhost-39] o.a.s.c.QuerySenderListener QuerySenderListener done.
2025-03-29 16:53:55.328 INFO  (searcherExecutor-15-thread-2-processing-crypto_opinions localhost-39) [c: s: r: x:crypto_opinions t:localhost-39] o.a.s.c.SolrCore Registered new searcher autowarm time: 0 ms
2025-03-29 16:53:55.328 INFO  (qtp1057307776-23-localhost-39) [c: s: r: x:crypto_opinions t:localhost-39] o.a.s.u.p.LogUpdateProcessorFactory webapp=/solr path=/update params={commit=true}{add=[23677 (1827948184443289600), 19161 (1827948184444338176), 20417 (1827948184444338177), 24235 (1827948184444338178), 8880 (1827948184445386752), 18482 (1827948184445386753), 11694 (1827948184445386754), 23633 (1827948184445386755), 18401 (1827948184445386756), 8662 (1827948184445386757), ... (500 adds)], commit=} 0 103
2025-03-29 16:53:55.872 INFO  (searcherExecutor-15-thread-2-processing-crypto_opinions localhost-40) [c: s: r: x:crypto_opinions t:localhost-40] o.a.s.c.QuerySenderListener QuerySenderListener done.
2025-03-29 16:53:55.873 INFO  (searcherExecutor-15-thread-2-processing-crypto_opinions localhost-40) [c: s: r: x:crypto_opinions t:localhost-40] o.a.s.c.SolrCore Registered new searcher autowarm time: 0 ms
2025-03-29 16:53:55.873 INFO  (qtp1057307776-26-localhost-40) [c: s: r: x:crypto_opinions t:localhost-40] o.a.s.u.p.LogUpdateProcessorFactory webapp=/solr path=/update params={commit=true}{add=[24850 (1827948184559681536), 10500 (1827948184560730112), 15229 (1827948184560730113), 10854 (1827948184561778688), 20123 (1827948184561778689), 10518 (1827948184561778690), 11998 (1827948184561778691), 22889 (1827948184561778692), 16003 (1827948184561778693), 18767 (1827948184561778694), ... (500 adds)], commit=} 0 537
2025-03-29 16:53:55.982 INFO  (searcherExecutor-15-thread-2-processing-crypto_opinions localhost-41) [c: s: r: x:crypto_opinions t:localhost-41] o.a.s.c.QuerySenderListener QuerySenderListener done.
2025-03-29 16:53:55.983 INFO  (searcherExecutor-15-thread-2-processing-crypto_opinions localhost-41) [c: s: r: x:crypto_opinions t:localhost-41] o.a.s.c.SolrCore Registered new searcher autowarm time: 0 ms
2025-03-29 16:53:55.983 INFO  (qtp1057307776-23-localhost-41) [c: s: r: x:crypto_opinions t:localhost-41] o.a.s.u.p.LogUpdateProcessorFactory webapp=/solr path=/update params={commit=true}{add=[17696 (1827948185133252608), 24706 (1827948185134301184), 9864 (1827948185134301185), 17772 (1827948185134301186), 20738 (1827948185134301187), 18948 (1827948185134301188), 20546 (1827948185134301189), 16511 (1827948185134301190), 9253 (1827948185134301191), 11079 (1827948185134301192), ... (500 adds)], commit=} 0 101
2025-03-29 16:53:56.079 INFO  (searcherExecutor-15-thread-2-processing-crypto_opinions localhost-42) [c: s: r: x:crypto_opinions t:localhost-42] o.a.s.c.QuerySenderListener QuerySenderListener done.
2025-03-29 16:53:56.080 INFO  (searcherExecutor-15-thread-2-processing-crypto_opinions localhost-42) [c: s: r: x:crypto_opinions t:localhost-42] o.a.s.c.SolrCore Registered new searcher autowarm time: 0 ms
2025-03-29 16:53:56.081 INFO  (qtp1057307776-26-localhost-42) [c: s: r: x:crypto_opinions t:localhost-42] o.a.s.u.p.LogUpdateProcessorFactory webapp=/solr path=/update params={commit=true}{add=[20036 (1827948185247547392), 25318 (1827948185248595968), 11922 (1827948185248595969), 21975 (1827948185248595970), 25765 (1827948185249644544), 22408 (1827948185249644545), 9215 (1827948185249644546), 10266 (1827948185249644547), 17626 (1827948185249644548), 20968 (1827948185249644549), ... (500 adds)], commit=} 0 88
2025-03-29 16:53:56.180 INFO  (searcherExecutor-15-thread-2-processing-crypto_opinions localhost-43) [c: s: r: x:crypto_opinions t:localhost-43] o.a.s.c.QuerySenderListener QuerySenderListener done.
2025-03-29 16:53:56.181 INFO  (searcherExecutor-15-thread-2-processing-crypto_opinions localhost-43) [c: s: r: x:crypto_opinions t:localhost-43] o.a.s.c.SolrCore Registered new searcher autowarm time: 0 ms
2025-03-29 16:53:56.181 INFO  (qtp1057307776-23-localhost-43) [c: s: r: x:crypto_opinions t:localhost-43] o.a.s.u.p.LogUpdateProcessorFactory webapp=/solr path=/update params={commit=true}{add=[26739 (1827948185348210688), 20577 (1827948185349259264), 9373 (1827948185350307840), 21637 (1827948185350307841), 15851 (1827948185350307842), 11588 (1827948185350307843), 9024 (1827948185350307844), 8215 (1827948185350307845), 23435 (1827948185350307846), 10089 (1827948185350307847), ... (500 adds)], commit=} 0 93
2025-03-29 16:53:56.276 INFO  (searcherExecutor-15-thread-2-processing-crypto_opinions localhost-44) [c: s: r: x:crypto_opinions t:localhost-44] o.a.s.c.QuerySenderListener QuerySenderListener done.
2025-03-29 16:53:56.277 INFO  (searcherExecutor-15-thread-2-processing-crypto_opinions localhost-44) [c: s: r: x:crypto_opinions t:localhost-44] o.a.s.c.SolrCore Registered new searcher autowarm time: 0 ms
2025-03-29 16:53:56.277 INFO  (qtp1057307776-26-localhost-44) [c: s: r: x:crypto_opinions t:localhost-44] o.a.s.u.p.LogUpdateProcessorFactory webapp=/solr path=/update params={commit=true}{add=[20436 (1827948185454116864), 11204 (1827948185456214016), 17833 (1827948185456214017), 17203 (1827948185456214018), 13122 (1827948185456214019), 19223 (1827948185456214020), 8707 (1827948185456214021), 19334 (1827948185456214022), 22141 (1827948185456214023), 25982 (1827948185456214024), ... (500 adds)], commit=} 0 87
2025-03-29 16:53:56.358 INFO  (searcherExecutor-15-thread-2-processing-crypto_opinions localhost-45) [c: s: r: x:crypto_opinions t:localhost-45] o.a.s.c.QuerySenderListener QuerySenderListener done.
2025-03-29 16:53:56.359 INFO  (searcherExecutor-15-thread-2-processing-crypto_opinions localhost-45) [c: s: r: x:crypto_opinions t:localhost-45] o.a.s.c.SolrCore Registered new searcher autowarm time: 0 ms
2025-03-29 16:53:56.359 INFO  (qtp1057307776-23-localhost-45) [c: s: r: x:crypto_opinions t:localhost-45] o.a.s.u.p.LogUpdateProcessorFactory webapp=/solr path=/update params={commit=true}{add=[26176 (1827948185553731584), 16839 (1827948185554780160), 12152 (1827948185554780161), 25465 (1827948185554780162), 24821 (1827948185555828736), 26633 (1827948185555828737), 17429 (1827948185555828738), 8828 (1827948185555828739), 8491 (1827948185555828740), 12048 (1827948185555828741), ... (500 adds)], commit=} 0 75
2025-03-29 16:53:56.437 INFO  (searcherExecutor-15-thread-2-processing-crypto_opinions localhost-46) [c: s: r: x:crypto_opinions t:localhost-46] o.a.s.c.QuerySenderListener QuerySenderListener done.
2025-03-29 16:53:56.438 INFO  (searcherExecutor-15-thread-2-processing-crypto_opinions localhost-46) [c: s: r: x:crypto_opinions t:localhost-46] o.a.s.c.SolrCore Registered new searcher autowarm time: 0 ms
2025-03-29 16:53:56.439 INFO  (qtp1057307776-26-localhost-46) [c: s: r: x:crypto_opinions t:localhost-46] o.a.s.u.p.LogUpdateProcessorFactory webapp=/solr path=/update params={commit=true}{add=[10055 (1827948185640763392), 10057 (1827948185641811968), 10068 (1827948185641811969), 10093 (1827948185641811970), 10099 (1827948185641811971), 10111 (1827948185641811972), 10113 (1827948185641811973), 10116 (1827948185641811974), 10126 (1827948185641811975), 10129 (1827948185641811976), ... (500 adds)], commit=} 0 72
2025-03-29 16:53:56.636 INFO  (searcherExecutor-15-thread-2-processing-crypto_opinions localhost-47) [c: s: r: x:crypto_opinions t:localhost-47] o.a.s.c.QuerySenderListener QuerySenderListener done.
2025-03-29 16:53:56.637 INFO  (searcherExecutor-15-thread-2-processing-crypto_opinions localhost-47) [c: s: r: x:crypto_opinions t:localhost-47] o.a.s.c.SolrCore Registered new searcher autowarm time: 0 ms
2025-03-29 16:53:56.637 INFO  (qtp1057307776-23-localhost-47) [c: s: r: x:crypto_opinions t:localhost-47] o.a.s.u.p.LogUpdateProcessorFactory webapp=/solr path=/update params={commit=true}{add=[15012 (1827948185722552320), 15013 (1827948185723600896), 15015 (1827948185724649472), 15027 (1827948185724649473), 15028 (1827948185724649474), 15034 (1827948185724649475), 15045 (1827948185724649476), 15055 (1827948185724649477), 15059 (1827948185724649478), 15066 (1827948185724649479), ... (500 adds)], commit=} 0 191
2025-03-29 16:53:56.757 INFO  (searcherExecutor-15-thread-2-processing-crypto_opinions localhost-48) [c: s: r: x:crypto_opinions t:localhost-48] o.a.s.c.QuerySenderListener QuerySenderListener done.
2025-03-29 16:53:56.758 INFO  (searcherExecutor-15-thread-2-processing-crypto_opinions localhost-48) [c: s: r: x:crypto_opinions t:localhost-48] o.a.s.c.SolrCore Registered new searcher autowarm time: 0 ms
2025-03-29 16:53:56.758 INFO  (qtp1057307776-26-localhost-48) [c: s: r: x:crypto_opinions t:localhost-48] o.a.s.u.p.LogUpdateProcessorFactory webapp=/solr path=/update params={commit=true}{add=[20312 (1827948185934364672), 20316 (1827948185936461824), 20334 (1827948185936461825), 20341 (1827948185936461826), 20355 (1827948185936461827), 20358 (1827948185936461828), 20359 (1827948185936461829), 20372 (1827948185936461830), 20373 (1827948185936461831), 20382 (1827948185936461832), ... (500 adds)], commit=} 0 110
2025-03-29 16:53:57.517 INFO  (searcherExecutor-15-thread-2-processing-crypto_opinions localhost-49) [c: s: r: x:crypto_opinions t:localhost-49] o.a.s.c.QuerySenderListener QuerySenderListener done.
2025-03-29 16:53:57.520 INFO  (searcherExecutor-15-thread-2-processing-crypto_opinions localhost-49) [c: s: r: x:crypto_opinions t:localhost-49] o.a.s.c.SolrCore Registered new searcher autowarm time: 0 ms
2025-03-29 16:53:57.520 INFO  (qtp1057307776-23-localhost-49) [c: s: r: x:crypto_opinions t:localhost-49] o.a.s.u.p.LogUpdateProcessorFactory webapp=/solr path=/update params={commit=true}{add=[25559 (1827948186061242368), 25560 (1827948186062290944), 25569 (1827948186062290945), 25571 (1827948186062290946), 25573 (1827948186062290947), 25574 (1827948186062290948), 25584 (1827948186062290949), 25590 (1827948186062290950), 25591 (1827948186062290951), 25598 (1827948186062290952), ... (500 adds)], commit=} 0 752
2025-03-29 16:53:57.645 INFO  (searcherExecutor-15-thread-2-processing-crypto_opinions localhost-50) [c: s: r: x:crypto_opinions t:localhost-50] o.a.s.c.QuerySenderListener QuerySenderListener done.
2025-03-29 16:53:57.646 INFO  (searcherExecutor-15-thread-2-processing-crypto_opinions localhost-50) [c: s: r: x:crypto_opinions t:localhost-50] o.a.s.c.SolrCore Registered new searcher autowarm time: 0 ms
2025-03-29 16:53:57.646 INFO  (qtp1057307776-26-localhost-50) [c: s: r: x:crypto_opinions t:localhost-50] o.a.s.u.p.LogUpdateProcessorFactory webapp=/solr path=/update params={commit=true}{add=[28519 (1827948186867597312), 28869 (1827948186868645888), 28578 (1827948186868645889), 27510 (1827948186869694464), 28784 (1827948186869694465), 28616 (1827948186869694466), 28529 (1827948186869694467), 27918 (1827948186869694468), 28037 (1827948186869694469), 27595 (1827948186869694470), ... (500 adds)], commit=} 0 109
2025-03-29 16:53:57.761 INFO  (searcherExecutor-15-thread-2-processing-crypto_opinions localhost-51) [c: s: r: x:crypto_opinions t:localhost-51] o.a.s.c.QuerySenderListener QuerySenderListener done.
2025-03-29 16:53:57.763 INFO  (searcherExecutor-15-thread-2-processing-crypto_opinions localhost-51) [c: s: r: x:crypto_opinions t:localhost-51] o.a.s.c.SolrCore Registered new searcher autowarm time: 0 ms
2025-03-29 16:53:57.763 INFO  (qtp1057307776-23-localhost-51) [c: s: r: x:crypto_opinions t:localhost-51] o.a.s.u.p.LogUpdateProcessorFactory webapp=/solr path=/update params={commit=true}{add=[28811 (1827948186991329280), 28821 (1827948186992377856), 28827 (1827948186992377857), 28832 (1827948186992377858), 28837 (1827948186992377859), 28842 (1827948186992377860), 28845 (1827948186992377861), 28848 (1827948186992377862), 28851 (1827948186992377863), 28870 (1827948186992377864), ... (500 adds)], commit=} 0 109
2025-03-29 16:53:57.875 INFO  (searcherExecutor-15-thread-2-processing-crypto_opinions localhost-52) [c: s: r: x:crypto_opinions t:localhost-52] o.a.s.c.QuerySenderListener QuerySenderListener done.
2025-03-29 16:53:57.876 INFO  (searcherExecutor-15-thread-2-processing-crypto_opinions localhost-52) [c: s: r: x:crypto_opinions t:localhost-52] o.a.s.c.SolrCore Registered new searcher autowarm time: 0 ms
2025-03-29 16:53:57.876 INFO  (qtp1057307776-26-localhost-52) [c: s: r: x:crypto_opinions t:localhost-52] o.a.s.u.p.LogUpdateProcessorFactory webapp=/solr path=/update params={commit=true}{add=[29998 (1827948187117158400), 30191 (1827948187118206976), 30160 (1827948187118206977), 29634 (1827948187118206978), 30778 (1827948187118206979), 29753 (1827948187118206980), 29814 (1827948187118206981), 29292 (1827948187119255552), 29904 (1827948187119255553), 30023 (1827948187119255554), ... (500 adds)], commit=} 0 102
2025-03-29 16:53:58.003 INFO  (searcherExecutor-15-thread-2-processing-crypto_opinions localhost-53) [c: s: r: x:crypto_opinions t:localhost-53] o.a.s.c.QuerySenderListener QuerySenderListener done.
2025-03-29 16:53:58.005 INFO  (searcherExecutor-15-thread-2-processing-crypto_opinions localhost-53) [c: s: r: x:crypto_opinions t:localhost-53] o.a.s.c.SolrCore Registered new searcher autowarm time: 0 ms
2025-03-29 16:53:58.005 INFO  (qtp1057307776-23-localhost-53) [c: s: r: x:crypto_opinions t:localhost-53] o.a.s.u.p.LogUpdateProcessorFactory webapp=/solr path=/update params={commit=true}{add=[32219 (1827948187233550336), 31392 (1827948187234598912), 32127 (1827948187234598913), 31809 (1827948187234598914), 31268 (1827948187235647488), 32315 (1827948187235647489), 31922 (1827948187235647490), 32592 (1827948187235647491), 31531 (1827948187235647492), 32336 (1827948187235647493), ... (500 adds)], commit=} 0 119
2025-03-29 16:53:58.108 INFO  (searcherExecutor-15-thread-2-processing-crypto_opinions localhost-54) [c: s: r: x:crypto_opinions t:localhost-54] o.a.s.c.QuerySenderListener QuerySenderListener done.
2025-03-29 16:53:58.109 INFO  (searcherExecutor-15-thread-2-processing-crypto_opinions localhost-54) [c: s: r: x:crypto_opinions t:localhost-54] o.a.s.c.SolrCore Registered new searcher autowarm time: 0 ms
2025-03-29 16:53:58.109 INFO  (qtp1057307776-26-localhost-54) [c: s: r: x:crypto_opinions t:localhost-54] o.a.s.u.p.LogUpdateProcessorFactory webapp=/solr path=/update params={commit=true}{add=[32687 (1827948187366719488), 32028 (1827948187368816640), 30891 (1827948187368816641), 32578 (1827948187368816642), 31870 (1827948187368816643), 31935 (1827948187368816644), 32323 (1827948187368816645), 32314 (1827948187368816646), 31858 (1827948187368816647), 31798 (1827948187368816648), ... (500 adds)], commit=} 0 96
2025-03-29 16:53:58.210 INFO  (searcherExecutor-15-thread-2-processing-crypto_opinions localhost-55) [c: s: r: x:crypto_opinions t:localhost-55] o.a.s.c.QuerySenderListener QuerySenderListener done.
2025-03-29 16:53:58.211 INFO  (searcherExecutor-15-thread-2-processing-crypto_opinions localhost-55) [c: s: r: x:crypto_opinions t:localhost-55] o.a.s.c.SolrCore Registered new searcher autowarm time: 0 ms
2025-03-29 16:53:58.211 INFO  (qtp1057307776-23-localhost-55) [c: s: r: x:crypto_opinions t:localhost-55] o.a.s.u.p.LogUpdateProcessorFactory webapp=/solr path=/update params={commit=true}{add=[32953 (1827948187477868544), 32910 (1827948187478917120), 33038 (1827948187478917121), 33033 (1827948187478917122), 32909 (1827948187478917123), 33110 (1827948187478917124), 32839 (1827948187478917125), 32931 (1827948187478917126), 33015 (1827948187479965696), 33063 (1827948187479965697), ... (500 adds)], commit=} 0 92
2025-03-29 16:53:58.324 INFO  (searcherExecutor-15-thread-2-processing-crypto_opinions localhost-56) [c: s: r: x:crypto_opinions t:localhost-56] o.a.s.c.QuerySenderListener QuerySenderListener done.
2025-03-29 16:53:58.326 INFO  (searcherExecutor-15-thread-2-processing-crypto_opinions localhost-56) [c: s: r: x:crypto_opinions t:localhost-56] o.a.s.c.SolrCore Registered new searcher autowarm time: 0 ms
2025-03-29 16:53:58.326 INFO  (qtp1057307776-26-localhost-56) [c: s: r: x:crypto_opinions t:localhost-56] o.a.s.u.p.LogUpdateProcessorFactory webapp=/solr path=/update params={commit=true}{add=[35043 (1827948187582726144), 34180 (1827948187584823296), 33960 (1827948187584823297), 35819 (1827948187584823298), 34518 (1827948187584823299), 36262 (1827948187584823300), 33345 (1827948187584823301), 35563 (1827948187584823302), 33806 (1827948187584823303), 34294 (1827948187584823304), ... (500 adds)], commit=} 0 106
2025-03-29 16:53:58.443 INFO  (searcherExecutor-15-thread-2-processing-crypto_opinions localhost-57) [c: s: r: x:crypto_opinions t:localhost-57] o.a.s.c.QuerySenderListener QuerySenderListener done.
2025-03-29 16:53:58.445 INFO  (searcherExecutor-15-thread-2-processing-crypto_opinions localhost-57) [c: s: r: x:crypto_opinions t:localhost-57] o.a.s.c.SolrCore Registered new searcher autowarm time: 0 ms
2025-03-29 16:53:58.445 INFO  (qtp1057307776-23-localhost-57) [c: s: r: x:crypto_opinions t:localhost-57] o.a.s.u.p.LogUpdateProcessorFactory webapp=/solr path=/update params={commit=true}{add=[36145 (1827948187706458112), 36151 (1827948187708555264), 36155 (1827948187708555265), 36162 (1827948187708555266), 36174 (1827948187708555267), 36182 (1827948187708555268), 36185 (1827948187708555269), 36196 (1827948187708555270), 36217 (1827948187708555271), 36224 (1827948187708555272), ... (500 adds)], commit=} 0 108
2025-03-29 16:53:59.327 INFO  (searcherExecutor-15-thread-2-processing-crypto_opinions localhost-58) [c: s: r: x:crypto_opinions t:localhost-58] o.a.s.c.QuerySenderListener QuerySenderListener done.
2025-03-29 16:53:59.328 INFO  (searcherExecutor-15-thread-2-processing-crypto_opinions localhost-58) [c: s: r: x:crypto_opinions t:localhost-58] o.a.s.c.SolrCore Registered new searcher autowarm time: 0 ms
2025-03-29 16:53:59.328 INFO  (qtp1057307776-26-localhost-58) [c: s: r: x:crypto_opinions t:localhost-58] o.a.s.u.p.LogUpdateProcessorFactory webapp=/solr path=/update params={commit=true}{add=[37629 (1827948187831238656), 38062 (1827948187832287232), 37240 (1827948187832287233), 37998 (1827948187832287234), 36600 (1827948187832287235), 36758 (1827948187832287236), 36335 (1827948187832287237), 37196 (1827948187833335808), 37010 (1827948187833335809), 37043 (1827948187833335810), ... (500 adds)], commit=} 0 873
2025-03-29 16:54:00.089 INFO  (searcherExecutor-15-thread-2-processing-crypto_opinions localhost-59) [c: s: r: x:crypto_opinions t:localhost-59] o.a.s.c.QuerySenderListener QuerySenderListener done.
2025-03-29 16:54:00.090 INFO  (searcherExecutor-15-thread-2-processing-crypto_opinions localhost-59) [c: s: r: x:crypto_opinions t:localhost-59] o.a.s.c.SolrCore Registered new searcher autowarm time: 0 ms
2025-03-29 16:54:00.090 INFO  (qtp1057307776-23-localhost-59) [c: s: r: x:crypto_opinions t:localhost-59] o.a.s.u.p.LogUpdateProcessorFactory webapp=/solr path=/update params={commit=true}{add=[39094 (1827948188760276992), 39095 (1827948188761325568), 39101 (1827948188761325569), 39104 (1827948188761325570), 39116 (1827948188761325571), 39118 (1827948188761325572), 39125 (1827948188761325573), 39127 (1827948188761325574), 39130 (1827948188761325575), 39176 (1827948188762374144), ... (500 adds)], commit=} 0 749
2025-03-29 16:54:00.221 INFO  (searcherExecutor-15-thread-2-processing-crypto_opinions localhost-60) [c: s: r: x:crypto_opinions t:localhost-60] o.a.s.c.QuerySenderListener QuerySenderListener done.
2025-03-29 16:54:00.222 INFO  (searcherExecutor-15-thread-2-processing-crypto_opinions localhost-60) [c: s: r: x:crypto_opinions t:localhost-60] o.a.s.c.SolrCore Registered new searcher autowarm time: 0 ms
2025-03-29 16:54:00.222 INFO  (qtp1057307776-26-localhost-60) [c: s: r: x:crypto_opinions t:localhost-60] o.a.s.u.p.LogUpdateProcessorFactory webapp=/solr path=/update params={commit=true}{add=[40525 (1827948189573971968), 39887 (1827948189577117696), 40940 (1827948189577117697), 40770 (1827948189577117698), 39933 (1827948189577117699), 40585 (1827948189577117700), 39870 (1827948189577117701), 40399 (1827948189577117702), 39947 (1827948189577117703), 40549 (1827948189578166272), ... (500 adds)], commit=} 0 103
2025-03-29 16:54:00.342 INFO  (searcherExecutor-15-thread-2-processing-crypto_opinions localhost-61) [c: s: r: x:crypto_opinions t:localhost-61] o.a.s.c.QuerySenderListener QuerySenderListener done.
2025-03-29 16:54:00.343 INFO  (searcherExecutor-15-thread-2-processing-crypto_opinions localhost-61) [c: s: r: x:crypto_opinions t:localhost-61] o.a.s.c.SolrCore Registered new searcher autowarm time: 0 ms
2025-03-29 16:54:00.343 INFO  (qtp1057307776-23-localhost-61) [c: s: r: x:crypto_opinions t:localhost-61] o.a.s.u.p.LogUpdateProcessorFactory webapp=/solr path=/update params={commit=true}{add=[40374 (1827948189712384000), 40331 (1827948189713432576), 40057 (1827948189713432577), 40277 (1827948189713432578), 40324 (1827948189713432579), 40966 (1827948189713432580), 40295 (1827948189713432581), 40361 (1827948189713432582), 40944 (1827948189713432583), 40506 (1827948189713432584), ... (500 adds)], commit=} 0 93
2025-03-29 16:54:00.453 INFO  (searcherExecutor-15-thread-2-processing-crypto_opinions localhost-62) [c: s: r: x:crypto_opinions t:localhost-62] o.a.s.c.QuerySenderListener QuerySenderListener done.
2025-03-29 16:54:00.454 INFO  (searcherExecutor-15-thread-2-processing-crypto_opinions localhost-62) [c: s: r: x:crypto_opinions t:localhost-62] o.a.s.c.SolrCore Registered new searcher autowarm time: 0 ms
2025-03-29 16:54:00.454 INFO  (qtp1057307776-26-localhost-62) [c: s: r: x:crypto_opinions t:localhost-62] o.a.s.u.p.LogUpdateProcessorFactory webapp=/solr path=/update params={commit=true}{add=[45894 (1827948189820387328), 46110 (1827948189821435904), 49322 (1827948189822484480), 41732 (1827948189822484481), 41020 (1827948189822484482), 49073 (1827948189822484483), 41332 (1827948189822484484), 44841 (1827948189822484485), 44189 (1827948189822484486), 42517 (1827948189822484487), ... (500 adds)], commit=} 0 101
2025-03-29 16:54:00.568 INFO  (searcherExecutor-15-thread-2-processing-crypto_opinions localhost-63) [c: s: r: x:crypto_opinions t:localhost-63] o.a.s.c.QuerySenderListener QuerySenderListener done.
2025-03-29 16:54:00.569 INFO  (searcherExecutor-15-thread-2-processing-crypto_opinions localhost-63) [c: s: r: x:crypto_opinions t:localhost-63] o.a.s.c.SolrCore Registered new searcher autowarm time: 0 ms
2025-03-29 16:54:00.569 INFO  (qtp1057307776-23-localhost-63) [c: s: r: x:crypto_opinions t:localhost-63] o.a.s.u.p.LogUpdateProcessorFactory webapp=/solr path=/update params={commit=true}{add=[46118 (1827948189935730688), 45864 (1827948189936779264), 44519 (1827948189936779265), 46175 (1827948189936779266), 42024 (1827948189936779267), 41282 (1827948189936779268), 44573 (1827948189936779269), 41822 (1827948189936779270), 42319 (1827948189936779271), 45320 (1827948189937827840), ... (500 adds)], commit=} 0 106
2025-03-29 16:54:00.678 INFO  (searcherExecutor-15-thread-2-processing-crypto_opinions localhost-64) [c: s: r: x:crypto_opinions t:localhost-64] o.a.s.c.QuerySenderListener QuerySenderListener done.
2025-03-29 16:54:00.679 INFO  (searcherExecutor-15-thread-2-processing-crypto_opinions localhost-64) [c: s: r: x:crypto_opinions t:localhost-64] o.a.s.c.SolrCore Registered new searcher autowarm time: 0 ms
2025-03-29 16:54:00.679 INFO  (qtp1057307776-26-localhost-64) [c: s: r: x:crypto_opinions t:localhost-64] o.a.s.u.p.LogUpdateProcessorFactory webapp=/solr path=/update params={commit=true}{add=[46463 (1827948190057365504), 42649 (1827948190058414080), 48046 (1827948190058414081), 47843 (1827948190058414082), 49079 (1827948190058414083), 49343 (1827948190058414084), 41618 (1827948190058414085), 46962 (1827948190058414086), 42460 (1827948190058414087), 44783 (1827948190058414088), ... (500 adds)], commit=} 0 100
2025-03-29 16:54:00.773 INFO  (searcherExecutor-15-thread-2-processing-crypto_opinions localhost-65) [c: s: r: x:crypto_opinions t:localhost-65] o.a.s.c.QuerySenderListener QuerySenderListener done.
2025-03-29 16:54:00.774 INFO  (searcherExecutor-15-thread-2-processing-crypto_opinions localhost-65) [c: s: r: x:crypto_opinions t:localhost-65] o.a.s.c.SolrCore Registered new searcher autowarm time: 0 ms
2025-03-29 16:54:00.774 INFO  (qtp1057307776-23-localhost-65) [c: s: r: x:crypto_opinions t:localhost-65] o.a.s.u.p.LogUpdateProcessorFactory webapp=/solr path=/update params={commit=true}{add=[47503 (1827948190170611712), 43584 (1827948190172708864), 46635 (1827948190172708865), 45825 (1827948190172708866), 42178 (1827948190172708867), 48209 (1827948190172708868), 44628 (1827948190172708869), 49207 (1827948190172708870), 41242 (1827948190172708871), 49330 (1827948190172708872), ... (500 adds)], commit=} 0 86
2025-03-29 16:54:00.893 INFO  (searcherExecutor-15-thread-2-processing-crypto_opinions localhost-66) [c: s: r: x:crypto_opinions t:localhost-66] o.a.s.c.QuerySenderListener QuerySenderListener done.
2025-03-29 16:54:00.894 INFO  (searcherExecutor-15-thread-2-processing-crypto_opinions localhost-66) [c: s: r: x:crypto_opinions t:localhost-66] o.a.s.c.SolrCore Registered new searcher autowarm time: 0 ms
2025-03-29 16:54:00.894 INFO  (qtp1057307776-26-localhost-66) [c: s: r: x:crypto_opinions t:localhost-66] o.a.s.u.p.LogUpdateProcessorFactory webapp=/solr path=/update params={commit=true}{add=[44605 (1827948190270226432), 46915 (1827948190271275008), 48076 (1827948190271275009), 43832 (1827948190271275010), 45480 (1827948190271275011), 45679 (1827948190272323584), 48822 (1827948190272323585), 48414 (1827948190272323586), 47677 (1827948190272323587), 41861 (1827948190272323588), ... (500 adds)], commit=} 0 112
2025-03-29 16:54:01.106 INFO  (searcherExecutor-15-thread-2-processing-crypto_opinions localhost-67) [c: s: r: x:crypto_opinions t:localhost-67] o.a.s.c.QuerySenderListener QuerySenderListener done.
2025-03-29 16:54:01.107 INFO  (searcherExecutor-15-thread-2-processing-crypto_opinions localhost-67) [c: s: r: x:crypto_opinions t:localhost-67] o.a.s.c.SolrCore Registered new searcher autowarm time: 0 ms
2025-03-29 16:54:01.107 INFO  (qtp1057307776-23-localhost-67) [c: s: r: x:crypto_opinions t:localhost-67] o.a.s.u.p.LogUpdateProcessorFactory webapp=/solr path=/update params={commit=true}{add=[41853 (1827948190398152704), 45592 (1827948190399201280), 42116 (1827948190399201281), 47080 (1827948190399201282), 47476 (1827948190400249856), 49022 (1827948190400249857), 48628 (1827948190400249858), 46177 (1827948190400249859), 44894 (1827948190400249860), 42489 (1827948190400249861), ... (500 adds)], commit=} 0 203
2025-03-29 16:54:01.222 INFO  (searcherExecutor-15-thread-2-processing-crypto_opinions localhost-68) [c: s: r: x:crypto_opinions t:localhost-68] o.a.s.c.QuerySenderListener QuerySenderListener done.
2025-03-29 16:54:01.223 INFO  (searcherExecutor-15-thread-2-processing-crypto_opinions localhost-68) [c: s: r: x:crypto_opinions t:localhost-68] o.a.s.c.SolrCore Registered new searcher autowarm time: 0 ms
2025-03-29 16:54:01.223 INFO  (qtp1057307776-26-localhost-68) [c: s: r: x:crypto_opinions t:localhost-68] o.a.s.u.p.LogUpdateProcessorFactory webapp=/solr path=/update params={commit=true}{add=[45727 (1827948190637228032), 43523 (1827948190638276608), 47816 (1827948190638276609), 41000 (1827948190639325184), 47553 (1827948190639325185), 49335 (1827948190639325186), 42055 (1827948190639325187), 42277 (1827948190639325188), 48479 (1827948190639325189), 47448 (1827948190639325190), ... (500 adds)], commit=} 0 92
2025-03-29 16:54:01.331 INFO  (searcherExecutor-15-thread-2-processing-crypto_opinions localhost-69) [c: s: r: x:crypto_opinions t:localhost-69] o.a.s.c.QuerySenderListener QuerySenderListener done.
2025-03-29 16:54:01.332 INFO  (searcherExecutor-15-thread-2-processing-crypto_opinions localhost-69) [c: s: r: x:crypto_opinions t:localhost-69] o.a.s.c.SolrCore Registered new searcher autowarm time: 0 ms
2025-03-29 16:54:01.332 INFO  (qtp1057307776-23-localhost-69) [c: s: r: x:crypto_opinions t:localhost-69] o.a.s.u.p.LogUpdateProcessorFactory webapp=/solr path=/update params={commit=true}{add=[42057 (1827948190743134208), 43955 (1827948190745231360), 48084 (1827948190745231361), 44266 (1827948190745231362), 41962 (1827948190745231363), 42063 (1827948190745231364), 42293 (1827948190745231365), 46034 (1827948190745231366), 43327 (1827948190745231367), 44394 (1827948190745231368), ... (500 adds)], commit=} 0 98
2025-03-29 16:54:01.443 INFO  (searcherExecutor-15-thread-2-processing-crypto_opinions localhost-70) [c: s: r: x:crypto_opinions t:localhost-70] o.a.s.c.QuerySenderListener QuerySenderListener done.
2025-03-29 16:54:01.445 INFO  (searcherExecutor-15-thread-2-processing-crypto_opinions localhost-70) [c: s: r: x:crypto_opinions t:localhost-70] o.a.s.c.SolrCore Registered new searcher autowarm time: 0 ms
2025-03-29 16:54:01.445 INFO  (qtp1057307776-26-localhost-70) [c: s: r: x:crypto_opinions t:localhost-70] o.a.s.u.p.LogUpdateProcessorFactory webapp=/solr path=/update params={commit=true}{add=[45509 (1827948190856380416), 43119 (1827948190857428992), 41617 (1827948190857428993), 47781 (1827948190857428994), 44036 (1827948190857428995), 41762 (1827948190858477568), 47176 (1827948190858477569), 41653 (1827948190858477570), 43260 (1827948190858477571), 46266 (1827948190858477572), ... (500 adds)], commit=} 0 103
2025-03-29 16:54:01.553 INFO  (searcherExecutor-15-thread-2-processing-crypto_opinions localhost-71) [c: s: r: x:crypto_opinions t:localhost-71] o.a.s.c.QuerySenderListener QuerySenderListener done.
2025-03-29 16:54:01.554 INFO  (searcherExecutor-15-thread-2-processing-crypto_opinions localhost-71) [c: s: r: x:crypto_opinions t:localhost-71] o.a.s.c.SolrCore Registered new searcher autowarm time: 0 ms
2025-03-29 16:54:01.555 INFO  (qtp1057307776-23-localhost-71) [c: s: r: x:crypto_opinions t:localhost-71] o.a.s.u.p.LogUpdateProcessorFactory webapp=/solr path=/update params={commit=true}{add=[41488 (1827948190974869504), 47862 (1827948190975918080), 42046 (1827948190975918081), 45999 (1827948190975918082), 48985 (1827948190975918083), 41578 (1827948190975918084), 47310 (1827948190975918085), 41806 (1827948190975918086), 42811 (1827948190976966656), 46569 (1827948190976966657), ... (500 adds)], commit=} 0 100
2025-03-29 16:54:01.661 INFO  (searcherExecutor-15-thread-2-processing-crypto_opinions localhost-72) [c: s: r: x:crypto_opinions t:localhost-72] o.a.s.c.QuerySenderListener QuerySenderListener done.
2025-03-29 16:54:01.662 INFO  (searcherExecutor-15-thread-2-processing-crypto_opinions localhost-72) [c: s: r: x:crypto_opinions t:localhost-72] o.a.s.c.SolrCore Registered new searcher autowarm time: 0 ms
2025-03-29 16:54:01.662 INFO  (qtp1057307776-26-localhost-72) [c: s: r: x:crypto_opinions t:localhost-72] o.a.s.u.p.LogUpdateProcessorFactory webapp=/solr path=/update params={commit=true}{add=[48494 (1827948191094407168), 43347 (1827948191095455744), 48522 (1827948191096504320), 47421 (1827948191096504321), 44123 (1827948191096504322), 47983 (1827948191096504323), 47125 (1827948191096504324), 43846 (1827948191096504325), 44504 (1827948191096504326), 48391 (1827948191096504327), ... (500 adds)], commit=} 0 94
2025-03-29 16:54:01.746 INFO  (searcherExecutor-15-thread-2-processing-crypto_opinions localhost-73) [c: s: r: x:crypto_opinions t:localhost-73] o.a.s.c.QuerySenderListener QuerySenderListener done.
2025-03-29 16:54:01.747 INFO  (searcherExecutor-15-thread-2-processing-crypto_opinions localhost-73) [c: s: r: x:crypto_opinions t:localhost-73] o.a.s.c.SolrCore Registered new searcher autowarm time: 0 ms
2025-03-29 16:54:01.747 INFO  (qtp1057307776-23-localhost-73) [c: s: r: x:crypto_opinions t:localhost-73] o.a.s.u.p.LogUpdateProcessorFactory webapp=/solr path=/update params={commit=true}{add=[47128 (1827948191203459072), 43866 (1827948191204507648), 41674 (1827948191204507649), 48905 (1827948191204507650), 43773 (1827948191204507651), 48615 (1827948191204507652), 48930 (1827948191204507653), 43574 (1827948191204507654), 48797 (1827948191204507655), 47372 (1827948191204507656), ... (500 adds)], commit=} 0 76
2025-03-29 16:54:01.846 INFO  (searcherExecutor-15-thread-2-processing-crypto_opinions localhost-74) [c: s: r: x:crypto_opinions t:localhost-74] o.a.s.c.QuerySenderListener QuerySenderListener done.
2025-03-29 16:54:01.847 INFO  (searcherExecutor-15-thread-2-processing-crypto_opinions localhost-74) [c: s: r: x:crypto_opinions t:localhost-74] o.a.s.c.SolrCore Registered new searcher autowarm time: 0 ms
2025-03-29 16:54:01.847 INFO  (qtp1057307776-26-localhost-74) [c: s: r: x:crypto_opinions t:localhost-74] o.a.s.u.p.LogUpdateProcessorFactory webapp=/solr path=/update params={commit=true}{add=[48634 (1827948191292588032), 41716 (1827948191293636608), 41481 (1827948191293636609), 43823 (1827948191293636610), 48266 (1827948191293636611), 49068 (1827948191293636612), 47528 (1827948191293636613), 46353 (1827948191293636614), 46876 (1827948191293636615), 45755 (1827948191293636616), ... (500 adds)], commit=} 0 90
2025-03-29 16:54:01.952 INFO  (searcherExecutor-15-thread-2-processing-crypto_opinions localhost-75) [c: s: r: x:crypto_opinions t:localhost-75] o.a.s.c.QuerySenderListener QuerySenderListener done.
2025-03-29 16:54:01.953 INFO  (searcherExecutor-15-thread-2-processing-crypto_opinions localhost-75) [c: s: r: x:crypto_opinions t:localhost-75] o.a.s.c.SolrCore Registered new searcher autowarm time: 0 ms
2025-03-29 16:54:01.953 INFO  (qtp1057307776-23-localhost-75) [c: s: r: x:crypto_opinions t:localhost-75] o.a.s.u.p.LogUpdateProcessorFactory webapp=/solr path=/update params={commit=true}{add=[43174 (1827948191397445632), 43182 (1827948191398494208), 42882 (1827948191398494209), 43811 (1827948191398494210), 46753 (1827948191398494211), 48104 (1827948191398494212), 46630 (1827948191398494213), 41771 (1827948191398494214), 45349 (1827948191399542784), 41038 (1827948191399542785), ... (500 adds)], commit=} 0 96
2025-03-29 16:54:02.201 INFO  (searcherExecutor-15-thread-2-processing-crypto_opinions localhost-76) [c: s: r: x:crypto_opinions t:localhost-76] o.a.s.c.QuerySenderListener QuerySenderListener done.
2025-03-29 16:54:02.202 INFO  (searcherExecutor-15-thread-2-processing-crypto_opinions localhost-76) [c: s: r: x:crypto_opinions t:localhost-76] o.a.s.c.SolrCore Registered new searcher autowarm time: 0 ms
2025-03-29 16:54:02.202 INFO  (qtp1057307776-26-localhost-76) [c: s: r: x:crypto_opinions t:localhost-76] o.a.s.u.p.LogUpdateProcessorFactory webapp=/solr path=/update params={commit=true}{add=[48937 (1827948191507546112), 47085 (1827948191508594688), 46937 (1827948191508594689), 42259 (1827948191508594690), 44066 (1827948191508594691), 42539 (1827948191508594692), 43581 (1827948191508594693), 47994 (1827948191508594694), 42916 (1827948191509643264), 47931 (1827948191509643265), ... (500 adds)], commit=} 0 240
2025-03-29 16:54:02.285 INFO  (searcherExecutor-15-thread-2-processing-crypto_opinions localhost-77) [c: s: r: x:crypto_opinions t:localhost-77] o.a.s.c.QuerySenderListener QuerySenderListener done.
2025-03-29 16:54:02.286 INFO  (searcherExecutor-15-thread-2-processing-crypto_opinions localhost-77) [c: s: r: x:crypto_opinions t:localhost-77] o.a.s.c.SolrCore Registered new searcher autowarm time: 0 ms
2025-03-29 16:54:02.286 INFO  (qtp1057307776-23-localhost-77) [c: s: r: x:crypto_opinions t:localhost-77] o.a.s.u.p.LogUpdateProcessorFactory webapp=/solr path=/update params={commit=true}{add=[44690 (1827948191785418752), 44701 (1827948191786467328), 44730 (1827948191786467329), 44757 (1827948191786467330), 44776 (1827948191786467331), 44809 (1827948191786467332), 44815 (1827948191786467333), 44826 (1827948191786467334), 44840 (1827948191786467335), 44870 (1827948191786467336), ... (218 adds)], commit=} 0 59
2025-03-29 16:55:35.533 INFO  (qtp1057307776-26-localhost-79) [c: s: r: x: t:localhost-79] o.a.s.s.HttpSolrCall [admin] webapp=null path=/admin/cores params={indexInfo=false&wt=json&_=1743267335509} status=0 QTime=4
2025-03-29 16:55:35.535 INFO  (qtp1057307776-48-localhost-84) [c: s: r: x:crypto_opinions t:localhost-84] o.a.s.c.S.Request webapp=/solr path=/admin/ping params={action=status&wt=json&_=1743267335510&ts=1743267335510} status=503 QTime=0
2025-03-29 16:55:35.539 INFO  (qtp1057307776-20-localhost-81) [c: s: r: x:crypto_opinions t:localhost-81] o.a.s.c.S.Request webapp=/solr path=/admin/luke params={numTerms=0&show=index&wt=json&_=1743267335522} status=0 QTime=9
2025-03-29 16:55:35.555 INFO  (qtp1057307776-24-localhost-80) [c: s: r: x: t:localhost-80] o.a.s.s.HttpSolrCall [admin] webapp=null path=/admin/info/system params={wt=json&_=1743267335510} status=0 QTime=29
2025-03-29 16:55:35.555 INFO  (qtp1057307776-27-localhost-83) [c: s: r: x:crypto_opinions t:localhost-83] o.a.s.c.S.Request webapp=/solr path=/admin/system params={wt=json&_=1743267335522} status=0 QTime=24
2025-03-29 16:55:35.559 INFO  (qtp1057307776-23-localhost-82) [c: s: r: x:crypto_opinions t:localhost-82] o.a.s.c.S.Request webapp=/solr path=/replication params={wt=json&command=details&_=1743267335522} status=0 QTime=28
2025-03-29 16:58:08.043 INFO  (qtp1057307776-56-localhost-87) [c: s: r: x: t:localhost-87] o.a.s.s.HttpSolrCall [admin] webapp=null path=/admin/cores params={indexInfo=false&wt=json&_=1743267487985} status=0 QTime=2
2025-03-29 16:58:08.048 INFO  (qtp1057307776-24-localhost-86) [c: s: r: x: t:localhost-86] o.a.s.s.HttpSolrCall [admin] webapp=null path=/admin/info/system params={wt=json&_=1743267487985} status=0 QTime=7
2025-03-29 16:58:08.055 INFO  (qtp1057307776-26-localhost-88) [c: s: r: x:crypto_opinions t:localhost-88] o.a.s.c.S.Request webapp=/solr path=/config/params params={wt=json&_=1743267488030} status=0 QTime=13
2025-03-29 16:58:31.656 INFO  (ShutdownMonitor) [c: s: r: x: t:] o.e.j.s.Server Stopped Server@39fc6b2c{STOPPING}[10.0.22,sto=0]
2025-03-29 16:58:31.660 INFO  (ShutdownMonitor) [c: s: r: x: t:] o.e.j.s.AbstractConnector Stopped ServerConnector@7728643a{HTTP/1.1, (http/1.1, h2c)}{127.0.0.1:8983}
2025-03-29 16:58:31.665 INFO  (ShutdownMonitor) [c: s: r: x: t:] o.a.s.c.CoreContainer Shutting down CoreContainer instance=2031882979
2025-03-29 16:58:31.669 INFO  (coreCloseExecutor-21-thread-1) [c: s: r: x:crypto_opinions t:] o.a.s.c.SolrCore CLOSING SolrCore org.apache.solr.core.SolrCore@726c05be crypto_opinions
2025-03-29 16:58:31.670 INFO  (coreCloseExecutor-21-thread-1) [c: s: r: x:crypto_opinions t:] o.a.s.m.SolrMetricManager Closing metric reporters for registry=solr.core.crypto_opinions tag=SolrCore@726c05be
2025-03-29 16:58:31.679 INFO  (coreCloseExecutor-21-thread-1) [c: s: r: x:crypto_opinions t:] o.a.s.u.DirectUpdateHandler2 Committing on IndexWriter.close()  ... SKIPPED (unnecessary).
2025-03-29 16:58:31.687 INFO  (ShutdownMonitor) [c: s: r: x: t:] o.a.s.m.SolrMetricManager Closing metric reporters for registry=solr.node tag=null
2025-03-29 16:58:31.691 INFO  (ShutdownMonitor) [c: s: r: x: t:] o.a.s.m.SolrMetricManager Closing metric reporters for registry=solr.jvm tag=null
2025-03-29 16:58:31.693 INFO  (ShutdownMonitor) [c: s: r: x: t:] o.a.s.m.SolrMetricManager Closing metric reporters for registry=solr.jetty tag=null
2025-03-29 16:58:31.700 INFO  (ShutdownMonitor) [c: s: r: x: t:] o.e.j.s.h.ContextHandler Stopped o.e.j.w.WebAppContext@6d64b553{solr-jetty-context.xml,/solr,file:///Users/jabezng/Desktop/SC4021---Group-20/solr/solr-9.8.1/server/solr-webapp/webapp/,STOPPED}{/Users/jabezng/Desktop/SC4021---Group-20/solr/solr-9.8.1/server/solr-webapp/webapp}
